<?xml version="1.0" encoding="UTF-8"?>
<testsuite name="com.cs.dbsync.VersionTagConverterTest" tests="1" skipped="0" failures="0" errors="0" timestamp="2017-08-08T13:37:54" hostname="PC064" time="0.01">
  <properties/>
  <testcase name="testApply" classname="com.cs.dbsync.VersionTagConverterTest" time="0.01"/>
  <system-out><![CDATA[]]></system-out>
  <system-err><![CDATA[]]></system-err>
</testsuite>
